==============================================================================
Team2 OrangeHRM                                                               
==============================================================================
Team2 OrangeHRM.TestCases                                                     
==============================================================================
Team2 OrangeHRM.TestCases.Test LoginInvalid :: test invalid login to login ...
==============================================================================
Login to form using                                                   | PASS |
------------------------------------------------------------------------------
Login to form using                                                   | PASS |
------------------------------------------------------------------------------
Login to form using                                                   | PASS |
------------------------------------------------------------------------------
Team2 OrangeHRM.TestCases.Test LoginInvalid :: test invalid login ... | PASS |
3 tests, 3 passed, 0 failed
==============================================================================
Team2 OrangeHRM.TestCases                                             | PASS |
3 tests, 3 passed, 0 failed
==============================================================================
Team2 OrangeHRM                                                       | PASS |
3 tests, 3 passed, 0 failed
==============================================================================
Output:  C:\Users\SM\Downloads\orange\orange\Team2_OrangeHRM\pabot_results\12\output.xml
